<?xml version="1.0" encoding="UTF-8"?>
<testng-results skipped="0" failed="0" ignored="0" total="2" passed="2">
  <reporter-output>
  </reporter-output>
  <suite name="Surefire suite" duration-ms="27" started-at="2022-06-15T15:54:13 IST" finished-at="2022-06-15T15:54:13 IST">
    <groups>
    </groups>
    <test name="Surefire test" duration-ms="27" started-at="2022-06-15T15:54:13 IST" finished-at="2022-06-15T15:54:13 IST">
      <class name="sampleTests.MathTests">
        <test-method status="PASS" signature="SumTest()[pri:0, instance:sampleTests.MathTests@68be2bc2]" name="SumTest" duration-ms="4" started-at="2022-06-15T15:54:13 IST" finished-at="2022-06-15T15:54:13 IST">
          <reporter-output>
          </reporter-output>
        </test-method> <!-- SumTest -->
        <test-method status="PASS" signature="multiply()[pri:0, instance:sampleTests.MathTests@68be2bc2]" name="multiply" duration-ms="0" started-at="2022-06-15T15:54:13 IST" finished-at="2022-06-15T15:54:13 IST">
          <reporter-output>
          </reporter-output>
        </test-method> <!-- multiply -->
      </class> <!-- sampleTests.MathTests -->
    </test> <!-- Surefire test -->
  </suite> <!-- Surefire suite -->
</testng-results>
