<?xml version="1.0" encoding="UTF-8"?>
<testng-results ignored="0" total="2" passed="2" failed="0" skipped="0">
  <reporter-output>
  </reporter-output>
  <suite started-at="2022-06-19T17:07:52 IST" name="Default suite" finished-at="2022-06-19T17:07:52 IST" duration-ms="81">
    <groups>
    </groups>
    <test started-at="2022-06-19T17:07:52 IST" name="Default test" finished-at="2022-06-19T17:07:52 IST" duration-ms="81">
      <class name="sampleTests.MathTests">
        <test-method signature="SumTest()[pri:0, instance:sampleTests.MathTests@60611244]" started-at="2022-06-19T17:07:52 IST" name="SumTest" finished-at="2022-06-19T17:07:52 IST" duration-ms="20" status="PASS">
          <reporter-output>
          </reporter-output>
        </test-method> <!-- SumTest -->
        <test-method signature="multiply()[pri:0, instance:sampleTests.MathTests@60611244]" started-at="2022-06-19T17:07:52 IST" name="multiply" finished-at="2022-06-19T17:07:52 IST" duration-ms="2" status="PASS">
          <reporter-output>
          </reporter-output>
        </test-method> <!-- multiply -->
      </class> <!-- sampleTests.MathTests -->
    </test> <!-- Default test -->
  </suite> <!-- Default suite -->
</testng-results>
